<?xml version="1.0" encoding="UTF-8"?>
<!-- Generated by org.testng.reporters.JUnitReportReporter -->
<testsuite hostname="DESKTOP-SJSFUQ5" failures="0" tests="2" name="Demo.SeleniumFramework.Tests.StandAloneTest" time="19.034" errors="0" timestamp="2024-03-17T23:09:50 IST" skipped="0">
  <testcase classname="Demo.SeleniumFramework.Tests.StandAloneTest" name="submitOrder" time="11.109"/>
  <testcase classname="Demo.SeleniumFramework.Tests.StandAloneTest" name="submitOrder" time="7.925"/>
</testsuite> <!-- Demo.SeleniumFramework.Tests.StandAloneTest -->
